Hicar/app/build/outputs/logs/manifest-merger-debug-report.txt
-- Merging decision tree log ---
manifest
ADDED from src\main\AndroidManifest.xml:2:1-526:12
	xmlns:android
		ADDED from src\main\AndroidManifest.xml:2:11-69
	package
		ADDED from src\main\AndroidManifest.xml:3:5-26
		INJECTED from src\main\AndroidManifest.xml
		INJECTED from src\main\AndroidManifest.xml
	android:versionName
		ADDED from src\main\AndroidManifest.xml:5:5-30
		INJECTED from src\main\AndroidManifest.xml
		INJECTED from src\main\AndroidManifest.xml
	android:versionCode
		ADDED from src\main\AndroidManifest.xml:4:5-29
		INJECTED from src\main\AndroidManifest.xml
		INJECTED from src\main\AndroidManifest.xml
uses-sdk
ADDED from src\main\AndroidManifest.xml:7:5-9:41
MERGED from [com.android.support:support-v4:21.0.3] AndroidManifest.xml:15:5-42
	android:targetSdkVersion
		ADDED from src\main\AndroidManifest.xml:9:9-38
		INJECTED from src\main\AndroidManifest.xml
		INJECTED from src\main\AndroidManifest.xml
	android:minSdkVersion
		ADDED from src\main\AndroidManifest.xml:8:9-35
		INJECTED from src\main\AndroidManifest.xml
		INJECTED from src\main\AndroidManifest.xml
application
ADDED from src\main\AndroidManifest.xml:11:5-416:19
MERGED from [com.android.support:support-v4:21.0.3] AndroidManifest.xml:16:5-19
	android:screenOrientation
		ADDED from src\main\AndroidManifest.xml:16:9-45
	android:label
		ADDED from src\main\AndroidManifest.xml:15:9-41
	android:allowBackup
		ADDED from src\main\AndroidManifest.xml:13:9-35
	android:icon
		ADDED from src\main\AndroidManifest.xml:14:9-45
	android:theme
		ADDED from src\main\AndroidManifest.xml:17:9-56
	android:name
		ADDED from src\main\AndroidManifest.xml:12:9-54
meta-data#com.baidu.lbsapi.API_KEY
ADDED from src\main\AndroidManifest.xml:21:9-23:64
	android:name
		ADDED from src\main\AndroidManifest.xml:22:13-52
	android:value
		ADDED from src\main\AndroidManifest.xml:23:13-61
activity#com.carlife.main.StartActivity
ADDED from src\main\AndroidManifest.xml:25:9-42:20
	android:screenOrientation
		ADDED from src\main\AndroidManifest.xml:29:13-49
	android:label
		ADDED from src\main\AndroidManifest.xml:28:13-45
	android:configChanges
		ADDED from src\main\AndroidManifest.xml:27:13-63
	android:name
		ADDED from src\main\AndroidManifest.xml:26:13-58
	android:launchMode
		ADDED from src\main\AndroidManifest.xml:30:13-43
intent-filter#android.intent.action.MAIN+android.intent.category.LAUNCHER
ADDED from src\main\AndroidManifest.xml:32:13-35:29
action#android.intent.action.MAIN
ADDED from src\main\AndroidManifest.xml:33:17-69
	android:name
		ADDED from src\main\AndroidManifest.xml:33:25-66
category#android.intent.category.LAUNCHER
ADDED from src\main\AndroidManifest.xml:34:17-77
	android:name
		ADDED from src\main\AndroidManifest.xml:34:27-74
intent-filter#android.intent.action.VIEW+android.intent.category.BROWSABLE+android.intent.category.DEFAULT
ADDED from src\main\AndroidManifest.xml:36:13-41:29
action#android.intent.action.VIEW
ADDED from src\main\AndroidManifest.xml:37:17-69
	android:name
		ADDED from src\main\AndroidManifest.xml:37:25-66
category#android.intent.category.DEFAULT
ADDED from src\main\AndroidManifest.xml:38:17-76
	android:name
		ADDED from src\main\AndroidManifest.xml:38:27-73
category#android.intent.category.BROWSABLE
ADDED from src\main\AndroidManifest.xml:39:17-78
	android:name
		ADDED from src\main\AndroidManifest.xml:39:27-75
data
ADDED from src\main\AndroidManifest.xml:40:17-61
	android:scheme
		ADDED from src\main\AndroidManifest.xml:40:23-58
activity#com.carlife.rescue.Test
ADDED from src\main\AndroidManifest.xml:43:9-69
	android:name
		ADDED from src\main\AndroidManifest.xml:43:19-57
activity#com.carlife.main.Act_CommonOrderList
ADDED from src\main\AndroidManifest.xml:44:9-82
	android:name
		ADDED from src\main\AndroidManifest.xml:44:19-70
activity#com.carlife.main.GuideActivity
ADDED from src\main\AndroidManifest.xml:45:9-48:52
	android:screenOrientation
		ADDED from src\main\AndroidManifest.xml:48:13-49
	android:configChanges
		ADDED from src\main\AndroidManifest.xml:47:13-63
	android:name
		ADDED from src\main\AndroidManifest.xml:46:13-58
activity#com.carlife.main.MainActivity
ADDED from src\main\AndroidManifest.xml:49:9-53:52
	android:screenOrientation
		ADDED from src\main\AndroidManifest.xml:53:13-49
	android:configChanges
		ADDED from src\main\AndroidManifest.xml:52:13-63
	android:name
		ADDED from src\main\AndroidManifest.xml:50:13-57
	android:launchMode
		ADDED from src\main\AndroidManifest.xml:51:13-44
activity#com.carlife.main.Act_Tyre
ADDED from src\main\AndroidManifest.xml:54:9-55:55
	android:name
		ADDED from src\main\AndroidManifest.xml:55:13-53
activity#com.carlife.carwash.CarWashActivity
ADDED from src\main\AndroidManifest.xml:56:9-59:52
	android:screenOrientation
		ADDED from src\main\AndroidManifest.xml:59:13-49
	android:configChanges
		ADDED from src\main\AndroidManifest.xml:58:13-63
	android:name
		ADDED from src\main\AndroidManifest.xml:57:13-63
activity#com.carlife.carwash.CarWashOrderPayActivity
ADDED from src\main\AndroidManifest.xml:60:9-63:52
	android:screenOrientation
		ADDED from src\main\AndroidManifest.xml:63:13-49
	android:configChanges
		ADDED from src\main\AndroidManifest.xml:62:13-63
	android:name
		ADDED from src\main\AndroidManifest.xml:61:13-71
activity#com.carlife.carwash.CarWashOrderListActivity
ADDED from src\main\AndroidManifest.xml:64:9-67:52
	android:screenOrientation
		ADDED from src\main\AndroidManifest.xml:67:13-49
	android:configChanges
		ADDED from src\main\AndroidManifest.xml:66:13-63
	android:name
		ADDED from src\main\AndroidManifest.xml:65:13-72
activity#com.carlife.carwash.CarWashDetailActivity
ADDED from src\main\AndroidManifest.xml:68:9-71:52
	android:screenOrientation
		ADDED from src\main\AndroidManifest.xml:71:13-49
	android:configChanges
		ADDED from src\main\AndroidManifest.xml:70:13-63
	android:name
		ADDED from src\main\AndroidManifest.xml:69:13-69
activity#com.carlife.main.AdDetailActivity
ADDED from src\main\AndroidManifest.xml:72:9-75:52
	android:screenOrientation
		ADDED from src\main\AndroidManifest.xml:75:13-49
	android:configChanges
		ADDED from src\main\AndroidManifest.xml:74:13-63
	android:name
		ADDED from src\main\AndroidManifest.xml:73:13-61
activity#com.carlife.daijia.DaijiaActivity
ADDED from src\main\AndroidManifest.xml:76:9-79:52
	android:screenOrientation
		ADDED from src\main\AndroidManifest.xml:79:13-49
	android:configChanges
		ADDED from src\main\AndroidManifest.xml:78:13-63
	android:name
		ADDED from src\main\AndroidManifest.xml:77:13-61
activity#com.carlife.daijia.DaijiaOrderCancelActivity
ADDED from src\main\AndroidManifest.xml:80:9-83:52
	android:screenOrientation
		ADDED from src\main\AndroidManifest.xml:83:13-49
	android:configChanges
		ADDED from src\main\AndroidManifest.xml:82:13-63
	android:name
		ADDED from src\main\AndroidManifest.xml:81:13-72
activity#com.carlife.daijia.DaijiaPayDetailActivity
ADDED from src\main\AndroidManifest.xml:84:9-87:52
	android:screenOrientation
		ADDED from src\main\AndroidManifest.xml:87:13-49
	android:configChanges
		ADDED from src\main\AndroidManifest.xml:86:13-63
	android:name
		ADDED from src\main\AndroidManifest.xml:85:13-70
activity#com.carlife.daijia.DaijiaDriveDetailActivity
ADDED from src\main\AndroidManifest.xml:88:9-91:52
	android:screenOrientation
		ADDED from src\main\AndroidManifest.xml:91:13-49
	android:configChanges
		ADDED from src\main\AndroidManifest.xml:90:13-63
	android:name
		ADDED from src\main\AndroidManifest.xml:89:13-72
activity#com.carlife.main.ShareActivity
ADDED from src\main\AndroidManifest.xml:92:9-95:52
	android:screenOrientation
		ADDED from src\main\AndroidManifest.xml:95:13-49
	android:configChanges
		ADDED from src\main\AndroidManifest.xml:94:13-63
	android:name
		ADDED from src\main\AndroidManifest.xml:93:13-58
activity#com.carlife.daijia.DaijiaMapForSearchActivity
ADDED from src\main\AndroidManifest.xml:96:9-99:52
	android:screenOrientation
		ADDED from src\main\AndroidManifest.xml:99:13-49
	android:configChanges
		ADDED from src\main\AndroidManifest.xml:98:13-63
	android:name
		ADDED from src\main\AndroidManifest.xml:97:13-73
activity#com.carlife.rescue.MapActivity
ADDED from src\main\AndroidManifest.xml:100:9-103:52
	android:screenOrientation
		ADDED from src\main\AndroidManifest.xml:103:13-49
	android:configChanges
		ADDED from src\main\AndroidManifest.xml:102:13-63
	android:name
		ADDED from src\main\AndroidManifest.xml:101:13-58
activity#com.carlife.rescue.RescueOrderCancelActivity
ADDED from src\main\AndroidManifest.xml:104:9-107:52
	android:screenOrientation
		ADDED from src\main\AndroidManifest.xml:107:13-49
	android:configChanges
		ADDED from src\main\AndroidManifest.xml:106:13-63
	android:name
		ADDED from src\main\AndroidManifest.xml:105:13-72
activity#com.carlife.rescue.RescueOrderPayActivity
ADDED from src\main\AndroidManifest.xml:108:9-111:52
	android:screenOrientation
		ADDED from src\main\AndroidManifest.xml:111:13-49
	android:configChanges
		ADDED from src\main\AndroidManifest.xml:110:13-63
	android:name
		ADDED from src\main\AndroidManifest.xml:109:13-69
activity#com.carlife.daijia.DriverActivity
ADDED from src\main\AndroidManifest.xml:112:9-115:52
	android:screenOrientation
		ADDED from src\main\AndroidManifest.xml:115:13-49
	android:configChanges
		ADDED from src\main\AndroidManifest.xml:114:13-63
	android:name
		ADDED from src\main\AndroidManifest.xml:113:13-61
activity#com.carlife.daijia.DriverListActivity
ADDED from src\main\AndroidManifest.xml:116:9-119:52
	android:screenOrientation
		ADDED from src\main\AndroidManifest.xml:119:13-49
	android:configChanges
		ADDED from src\main\AndroidManifest.xml:118:13-63
	android:name
		ADDED from src\main\AndroidManifest.xml:117:13-65
activity#com.carlife.daijia.DaijiaCreateOrdersActivity
ADDED from src\main\AndroidManifest.xml:120:9-123:52
	android:screenOrientation
		ADDED from src\main\AndroidManifest.xml:123:13-49
	android:configChanges
		ADDED from src\main\AndroidManifest.xml:122:13-63
	android:name
		ADDED from src\main\AndroidManifest.xml:121:13-73
activity#com.carlife.daijia.EstimatePriceActivity
ADDED from src\main\AndroidManifest.xml:124:9-127:52
	android:screenOrientation
		ADDED from src\main\AndroidManifest.xml:127:13-49
	android:configChanges
		ADDED from src\main\AndroidManifest.xml:126:13-63
	android:name
		ADDED from src\main\AndroidManifest.xml:125:13-68
activity#com.carlife.daijia.ChangeOrderMobileActivity
ADDED from src\main\AndroidManifest.xml:128:9-131:52
	android:screenOrientation
		ADDED from src\main\AndroidManifest.xml:131:13-49
	android:configChanges
		ADDED from src\main\AndroidManifest.xml:130:13-63
	android:name
		ADDED from src\main\AndroidManifest.xml:129:13-72
activity#com.carlife.rescue.RescueActivity
ADDED from src\main\AndroidManifest.xml:132:9-135:52
	android:screenOrientation
		ADDED from src\main\AndroidManifest.xml:135:13-49
	android:configChanges
		ADDED from src\main\AndroidManifest.xml:134:13-63
	android:name
		ADDED from src\main\AndroidManifest.xml:133:13-61
activity#com.carlife.rescue.RescueBackActivity
ADDED from src\main\AndroidManifest.xml:136:9-139:52
	android:screenOrientation
		ADDED from src\main\AndroidManifest.xml:139:13-49
	android:configChanges
		ADDED from src\main\AndroidManifest.xml:138:13-63
	android:name
		ADDED from src\main\AndroidManifest.xml:137:13-65
activity#com.carlife.rescue.AddRescueBackActivity
ADDED from src\main\AndroidManifest.xml:140:9-143:52
	android:screenOrientation
		ADDED from src\main\AndroidManifest.xml:143:13-49
	android:configChanges
		ADDED from src\main\AndroidManifest.xml:142:13-63
	android:name
		ADDED from src\main\AndroidManifest.xml:141:13-68
activity#com.carlife.rescue.RescueCurrentOrderDetailActivity
ADDED from src\main\AndroidManifest.xml:144:9-147:52
	android:screenOrientation
		ADDED from src\main\AndroidManifest.xml:147:13-49
	android:configChanges
		ADDED from src\main\AndroidManifest.xml:146:13-63
	android:name
		ADDED from src\main\AndroidManifest.xml:145:13-79
activity#com.carlife.rescue.RescueBackOrderDetailActivity
ADDED from src\main\AndroidManifest.xml:148:9-151:52
	android:screenOrientation
		ADDED from src\main\AndroidManifest.xml:151:13-49
	android:configChanges
		ADDED from src\main\AndroidManifest.xml:150:13-63
	android:name
		ADDED from src\main\AndroidManifest.xml:149:13-76
activity#com.carlife.rescue.RescueOrderDetailActivity
ADDED from src\main\AndroidManifest.xml:152:9-155:52
	android:screenOrientation
		ADDED from src\main\AndroidManifest.xml:155:13-49
	android:configChanges
		ADDED from src\main\AndroidManifest.xml:154:13-63
	android:name
		ADDED from src\main\AndroidManifest.xml:153:13-72
activity#com.carlife.rescue.RescueOrderListActivity
ADDED from src\main\AndroidManifest.xml:156:9-159:52
	android:screenOrientation
		ADDED from src\main\AndroidManifest.xml:159:13-49
	android:configChanges
		ADDED from src\main\AndroidManifest.xml:158:13-63
	android:name
		ADDED from src\main\AndroidManifest.xml:157:13-70
activity#com.carlife.chewu.ChewuActivity
ADDED from src\main\AndroidManifest.xml:160:9-163:52
	android:screenOrientation
		ADDED from src\main\AndroidManifest.xml:163:13-49
	android:configChanges
		ADDED from src\main\AndroidManifest.xml:162:13-63
	android:name
		ADDED from src\main\AndroidManifest.xml:161:13-59
activity#com.carlife.chewu.ChewuOrderListActivity
ADDED from src\main\AndroidManifest.xml:164:9-167:52
	android:screenOrientation
		ADDED from src\main\AndroidManifest.xml:167:13-49
	android:configChanges
		ADDED from src\main\AndroidManifest.xml:166:13-63
	android:name
		ADDED from src\main\AndroidManifest.xml:165:13-68
activity#com.carlife.chewu.ChewuCurrentOrderDetailActivity
ADDED from src\main\AndroidManifest.xml:168:9-171:52
	android:screenOrientation
		ADDED from src\main\AndroidManifest.xml:171:13-49
	android:configChanges
		ADDED from src\main\AndroidManifest.xml:170:13-63
	android:name
		ADDED from src\main\AndroidManifest.xml:169:13-77
activity#com.carlife.daijia.DaijiaPriceActivity
ADDED from src\main\AndroidManifest.xml:172:9-175:52
	android:screenOrientation
		ADDED from src\main\AndroidManifest.xml:175:13-49
	android:configChanges
		ADDED from src\main\AndroidManifest.xml:174:13-63
	android:name
		ADDED from src\main\AndroidManifest.xml:173:13-66
activity#com.carlife.rescue.RescuePriceActivity
ADDED from src\main\AndroidManifest.xml:176:9-179:52
	android:screenOrientation
		ADDED from src\main\AndroidManifest.xml:179:13-49
	android:configChanges
		ADDED from src\main\AndroidManifest.xml:178:13-63
	android:name
		ADDED from src\main\AndroidManifest.xml:177:13-66
activity#com.carlife.daijia.DaijiaCurrentOrderListActivity
ADDED from src\main\AndroidManifest.xml:180:9-183:52
	android:screenOrientation
		ADDED from src\main\AndroidManifest.xml:183:13-49
	android:configChanges
		ADDED from src\main\AndroidManifest.xml:182:13-63
	android:name
		ADDED from src\main\AndroidManifest.xml:181:13-77
activity#com.carlife.daijia.DaijiaOrderListActivity
ADDED from src\main\AndroidManifest.xml:184:9-187:52
	android:screenOrientation
		ADDED from src\main\AndroidManifest.xml:187:13-49
	android:configChanges
		ADDED from src\main\AndroidManifest.xml:186:13-63
	android:name
		ADDED from src\main\AndroidManifest.xml:185:13-70
activity#com.carlife.daijia.DaijiaOrderDetailActivity
ADDED from src\main\AndroidManifest.xml:188:9-191:52
	android:screenOrientation
		ADDED from src\main\AndroidManifest.xml:191:13-49
	android:configChanges
		ADDED from src\main\AndroidManifest.xml:190:13-63
	android:name
		ADDED from src\main\AndroidManifest.xml:189:13-72
activity#com.carlife.daijia.DaijiaCurrentOrderDetailActivity
ADDED from src\main\AndroidManifest.xml:192:9-195:52
	android:screenOrientation
		ADDED from src\main\AndroidManifest.xml:195:13-49
	android:configChanges
		ADDED from src\main\AndroidManifest.xml:194:13-63
	android:name
		ADDED from src\main\AndroidManifest.xml:193:13-79
activity#com.carlife.main.BindMobileActivity
ADDED from src\main\AndroidManifest.xml:196:9-199:52
	android:screenOrientation
		ADDED from src\main\AndroidManifest.xml:199:13-49
	android:configChanges
		ADDED from src\main\AndroidManifest.xml:198:13-63
	android:name
		ADDED from src\main\AndroidManifest.xml:197:13-63
activity#com.carlife.member.MemberCardActivity
ADDED from src\main\AndroidManifest.xml:200:9-203:52
	android:screenOrientation
		ADDED from src\main\AndroidManifest.xml:203:13-49
	android:configChanges
		ADDED from src\main\AndroidManifest.xml:202:13-63
	android:name
		ADDED from src\main\AndroidManifest.xml:201:13-65
activity#com.carlife.member.WaterListActivity
ADDED from src\main\AndroidManifest.xml:204:9-207:52
	android:screenOrientation
		ADDED from src\main\AndroidManifest.xml:207:13-49
	android:configChanges
		ADDED from src\main\AndroidManifest.xml:206:13-63
	android:name
		ADDED from src\main\AndroidManifest.xml:205:13-64
activity#com.carlife.member.GiftCardListActivity
ADDED from src\main\AndroidManifest.xml:208:9-211:52
	android:screenOrientation
		ADDED from src\main\AndroidManifest.xml:211:13-49
	android:configChanges
		ADDED from src\main\AndroidManifest.xml:210:13-63
	android:name
		ADDED from src\main\AndroidManifest.xml:209:13-67
activity#com.carlife.member.GiftCardActivity
ADDED from src\main\AndroidManifest.xml:212:9-215:52
	android:screenOrientation
		ADDED from src\main\AndroidManifest.xml:215:13-49
	android:configChanges
		ADDED from src\main\AndroidManifest.xml:214:13-63
	android:name
		ADDED from src\main\AndroidManifest.xml:213:13-63
activity#com.carlife.member.ChargeActivity
ADDED from src\main\AndroidManifest.xml:216:9-219:52
	android:screenOrientation
		ADDED from src\main\AndroidManifest.xml:219:13-49
	android:configChanges
		ADDED from src\main\AndroidManifest.xml:218:13-63
	android:name
		ADDED from src\main\AndroidManifest.xml:217:13-61
activity#com.carlife.member.BonusActivity
ADDED from src\main\AndroidManifest.xml:220:9-223:52
	android:screenOrientation
		ADDED from src\main\AndroidManifest.xml:223:13-49
	android:configChanges
		ADDED from src\main\AndroidManifest.xml:222:13-63
	android:name
		ADDED from src\main\AndroidManifest.xml:221:13-60
activity#com.carlife.member.BonusListActivity
ADDED from src\main\AndroidManifest.xml:224:9-227:52
	android:screenOrientation
		ADDED from src\main\AndroidManifest.xml:227:13-49
	android:configChanges
		ADDED from src\main\AndroidManifest.xml:226:13-63
	android:name
		ADDED from src\main\AndroidManifest.xml:225:13-64
activity#com.carlife.main.MoreActivity
ADDED from src\main\AndroidManifest.xml:228:9-231:52
	android:screenOrientation
		ADDED from src\main\AndroidManifest.xml:231:13-49
	android:configChanges
		ADDED from src\main\AndroidManifest.xml:230:13-63
	android:name
		ADDED from src\main\AndroidManifest.xml:229:13-57
activity#com.carlife.main.AboutUsActivity
ADDED from src\main\AndroidManifest.xml:232:9-235:52
	android:screenOrientation
		ADDED from src\main\AndroidManifest.xml:235:13-49
	android:configChanges
		ADDED from src\main\AndroidManifest.xml:234:13-63
	android:name
		ADDED from src\main\AndroidManifest.xml:233:13-60
activity#com.carlife.main.FeedbackActivity
ADDED from src\main\AndroidManifest.xml:236:9-239:52
	android:screenOrientation
		ADDED from src\main\AndroidManifest.xml:239:13-49
	android:configChanges
		ADDED from src\main\AndroidManifest.xml:238:13-63
	android:name
		ADDED from src\main\AndroidManifest.xml:237:13-61
activity#com.carlife.weizhang.WeizhangActivity
ADDED from src\main\AndroidManifest.xml:240:9-243:52
	android:screenOrientation
		ADDED from src\main\AndroidManifest.xml:243:13-49
	android:configChanges
		ADDED from src\main\AndroidManifest.xml:242:13-63
	android:name
		ADDED from src\main\AndroidManifest.xml:241:13-65
activity#com.carlife.weizhang.WeizhangDetailActivity
ADDED from src\main\AndroidManifest.xml:244:9-247:52
	android:screenOrientation
		ADDED from src\main\AndroidManifest.xml:247:13-49
	android:configChanges
		ADDED from src\main\AndroidManifest.xml:246:13-63
	android:name
		ADDED from src\main\AndroidManifest.xml:245:13-71
activity#com.carlife.location.LocationActivity
ADDED from src\main\AndroidManifest.xml:248:9-251:52
	android:screenOrientation
		ADDED from src\main\AndroidManifest.xml:251:13-49
	android:configChanges
		ADDED from src\main\AndroidManifest.xml:250:13-63
	android:name
		ADDED from src\main\AndroidManifest.xml:249:13-65
activity#com.carlife.member.MyOrdersActivity
ADDED from src\main\AndroidManifest.xml:252:9-255:52
	android:screenOrientation
		ADDED from src\main\AndroidManifest.xml:255:13-49
	android:configChanges
		ADDED from src\main\AndroidManifest.xml:254:13-63
	android:name
		ADDED from src\main\AndroidManifest.xml:253:13-63
activity#com.carlife.member.MyAccountActivity
ADDED from src\main\AndroidManifest.xml:256:9-259:52
	android:screenOrientation
		ADDED from src\main\AndroidManifest.xml:259:13-49
	android:configChanges
		ADDED from src\main\AndroidManifest.xml:258:13-63
	android:name
		ADDED from src\main\AndroidManifest.xml:257:13-64
activity#com.carlife.member.CarDetailActivity
ADDED from src\main\AndroidManifest.xml:260:9-263:52
	android:screenOrientation
		ADDED from src\main\AndroidManifest.xml:263:13-49
	android:configChanges
		ADDED from src\main\AndroidManifest.xml:262:13-63
	android:name
		ADDED from src\main\AndroidManifest.xml:261:13-64
activity#com.carlife.member.AddCarActivity
ADDED from src\main\AndroidManifest.xml:264:9-267:52
	android:screenOrientation
		ADDED from src\main\AndroidManifest.xml:267:13-49
	android:configChanges
		ADDED from src\main\AndroidManifest.xml:266:13-63
	android:name
		ADDED from src\main\AndroidManifest.xml:265:13-61
activity#com.carlife.member.MyLicenseActivity
ADDED from src\main\AndroidManifest.xml:268:9-271:52
	android:screenOrientation
		ADDED from src\main\AndroidManifest.xml:271:13-49
	android:configChanges
		ADDED from src\main\AndroidManifest.xml:270:13-63
	android:name
		ADDED from src\main\AndroidManifest.xml:269:13-64
activity#com.carlife.member.MyCarsActivity
ADDED from src\main\AndroidManifest.xml:272:9-275:52
	android:screenOrientation
		ADDED from src\main\AndroidManifest.xml:275:13-49
	android:configChanges
		ADDED from src\main\AndroidManifest.xml:274:13-63
	android:name
		ADDED from src\main\AndroidManifest.xml:273:13-61
activity#com.carlife.wxapi.WXPayEntryActivity
ADDED from src\main\AndroidManifest.xml:276:9-280:15
	android:exported
		ADDED from src\main\AndroidManifest.xml:278:13-36
	android:name
		ADDED from src\main\AndroidManifest.xml:277:13-64
	android:launchMode
		ADDED from src\main\AndroidManifest.xml:279:13-43
activity#com.carlife.insurance.InsuranceMainActivity
ADDED from src\main\AndroidManifest.xml:283:9-286:52
	android:screenOrientation
		ADDED from src\main\AndroidManifest.xml:286:13-49
	android:configChanges
		ADDED from src\main\AndroidManifest.xml:285:13-63
	android:name
		ADDED from src\main\AndroidManifest.xml:284:13-71
service#com.carlife.service.PushService
ADDED from src\main\AndroidManifest.xml:288:9-67
	android:name
		ADDED from src\main\AndroidManifest.xml:288:18-64
receiver#com.carlife.service.PushBroadcastReceiver
ADDED from src\main\AndroidManifest.xml:290:9-294:20
	android:name
		ADDED from src\main\AndroidManifest.xml:290:19-75
intent-filter#android.intent.action.BOOT_COMPLETED
ADDED from src\main\AndroidManifest.xml:291:13-293:29
action#android.intent.action.BOOT_COMPLETED
ADDED from src\main\AndroidManifest.xml:292:17-79
	android:name
		ADDED from src\main\AndroidManifest.xml:292:25-76
service#com.baidu.location.f
ADDED from src\main\AndroidManifest.xml:296:9-300:19
	android:process
		ADDED from src\main\AndroidManifest.xml:299:13-38
	android:enabled
		ADDED from src\main\AndroidManifest.xml:298:13-35
	android:name
		ADDED from src\main\AndroidManifest.xml:297:13-48
meta-data#UMENG_APPKEY
ADDED from src\main\AndroidManifest.xml:302:9-305:21
	android:name
		ADDED from src\main\AndroidManifest.xml:303:13-40
	android:value
		ADDED from src\main\AndroidManifest.xml:304:13-53
meta-data#UMENG_CHANNEL
ADDED from src\main\AndroidManifest.xml:306:9-308:37
	android:name
		ADDED from src\main\AndroidManifest.xml:307:13-41
	android:value
		ADDED from src\main\AndroidManifest.xml:308:13-34
activity#com.alipay.sdk.app.H5PayActivity
ADDED from src\main\AndroidManifest.xml:310:9-315:20
	android:screenOrientation
		ADDED from src\main\AndroidManifest.xml:314:13-47
	android:configChanges
		ADDED from src\main\AndroidManifest.xml:312:13-74
	android:exported
		ADDED from src\main\AndroidManifest.xml:313:13-37
	android:name
		ADDED from src\main\AndroidManifest.xml:311:13-60
activity#com.alipay.sdk.auth.AuthActivity
ADDED from src\main\AndroidManifest.xml:316:9-321:20
	android:screenOrientation
		ADDED from src\main\AndroidManifest.xml:320:13-47
	android:configChanges
		ADDED from src\main\AndroidManifest.xml:318:13-74
	android:exported
		ADDED from src\main\AndroidManifest.xml:319:13-37
	android:name
		ADDED from src\main\AndroidManifest.xml:317:13-60
receiver#com.carlife.wxapi.AppRegister
ADDED from src\main\AndroidManifest.xml:325:10-330:20
	android:name
		ADDED from src\main\AndroidManifest.xml:326:13-57
intent-filter#com.tencent.mm.plugin.openapi.Intent.ACTION_REFRESH_WXAPP
ADDED from src\main\AndroidManifest.xml:327:13-329:29
action#com.tencent.mm.plugin.openapi.Intent.ACTION_REFRESH_WXAPP
ADDED from src\main\AndroidManifest.xml:328:17-100
	android:name
		ADDED from src\main\AndroidManifest.xml:328:25-97
activity#com.carlife.baidupush.CustomActivity
ADDED from src\main\AndroidManifest.xml:333:10-337:20
	android:configChanges
		ADDED from src\main\AndroidManifest.xml:335:13-63
	android:name
		ADDED from src\main\AndroidManifest.xml:334:13-64
	android:launchMode
		ADDED from src\main\AndroidManifest.xml:336:13-44
activity#com.baidu.android.pushservice.richmedia.MediaViewActivity
ADDED from src\main\AndroidManifest.xml:340:9-344:20
	android:label
		ADDED from src\main\AndroidManifest.xml:343:13-46
	android:configChanges
		ADDED from src\main\AndroidManifest.xml:342:13-63
	android:name
		ADDED from src\main\AndroidManifest.xml:341:13-85
activity#com.baidu.android.pushservice.richmedia.MediaListActivity
ADDED from src\main\AndroidManifest.xml:345:9-350:20
	android:label
		ADDED from src\main\AndroidManifest.xml:348:13-46
	android:configChanges
		ADDED from src\main\AndroidManifest.xml:347:13-63
	android:name
		ADDED from src\main\AndroidManifest.xml:346:13-85
	android:launchMode
		ADDED from src\main\AndroidManifest.xml:349:13-44
activity#com.baidu.android.pushservice.PushKeepAlive
ADDED from src\main\AndroidManifest.xml:354:9-356:75
	android:theme
		ADDED from src\main\AndroidManifest.xml:356:13-72
	android:name
		ADDED from src\main\AndroidManifest.xml:355:13-71
receiver#com.carlife.baidupush.MyPushMessageReceiver
ADDED from src\main\AndroidManifest.xml:359:9-368:20
	android:name
		ADDED from src\main\AndroidManifest.xml:359:19-77
intent-filter#com.baidu.android.pushservice.action.MESSAGE+com.baidu.android.pushservice.action.RECEIVE+com.baidu.android.pushservice.action.notification.CLICK
ADDED from src\main\AndroidManifest.xml:360:13-367:29
action#com.baidu.android.pushservice.action.MESSAGE
ADDED from src\main\AndroidManifest.xml:363:17-87
	android:name
		ADDED from src\main\AndroidManifest.xml:363:25-84
action#com.baidu.android.pushservice.action.RECEIVE
ADDED from src\main\AndroidManifest.xml:365:17-87
	android:name
		ADDED from src\main\AndroidManifest.xml:365:25-84
action#com.baidu.android.pushservice.action.notification.CLICK
ADDED from src\main\AndroidManifest.xml:366:17-98
	android:name
		ADDED from src\main\AndroidManifest.xml:366:25-95
receiver#com.baidu.android.pushservice.PushServiceReceiver
ADDED from src\main\AndroidManifest.xml:371:9-385:20
	android:process
		ADDED from src\main\AndroidManifest.xml:373:13-44
	android:name
		ADDED from src\main\AndroidManifest.xml:372:13-77
intent-filter#android.intent.action.ACTION_POWER_CONNECTED+android.intent.action.ACTION_POWER_DISCONNECTED+android.intent.action.BOOT_COMPLETED+android.intent.action.MEDIA_MOUNTED+android.intent.action.USER_PRESENT+android.net.conn.CONNECTIVITY_CHANGE+com.baidu.android.pushservice.action.media.CLICK+com.baidu.android.pushservice.action.notification.SHOW
ADDED from src\main\AndroidManifest.xml:374:13-384:29
action#android.net.conn.CONNECTIVITY_CHANGE
ADDED from src\main\AndroidManifest.xml:376:17-79
	android:name
		ADDED from src\main\AndroidManifest.xml:376:25-76
action#com.baidu.android.pushservice.action.notification.SHOW
ADDED from src\main\AndroidManifest.xml:377:17-97
	android:name
		ADDED from src\main\AndroidManifest.xml:377:25-94
action#com.baidu.android.pushservice.action.media.CLICK
ADDED from src\main\AndroidManifest.xml:378:17-91
	android:name
		ADDED from src\main\AndroidManifest.xml:378:25-88
action#android.intent.action.MEDIA_MOUNTED
ADDED from src\main\AndroidManifest.xml:380:17-78
	android:name
		ADDED from src\main\AndroidManifest.xml:380:25-75
action#android.intent.action.USER_PRESENT
ADDED from src\main\AndroidManifest.xml:381:17-77
	android:name
		ADDED from src\main\AndroidManifest.xml:381:25-74
action#android.intent.action.ACTION_POWER_CONNECTED
ADDED from src\main\AndroidManifest.xml:382:17-87
	android:name
		ADDED from src\main\AndroidManifest.xml:382:25-84
action#android.intent.action.ACTION_POWER_DISCONNECTED
ADDED from src\main\AndroidManifest.xml:383:17-90
	android:name
		ADDED from src\main\AndroidManifest.xml:383:25-87
receiver#com.baidu.android.pushservice.RegistrationReceiver
ADDED from src\main\AndroidManifest.xml:386:9-398:20
	android:process
		ADDED from src\main\AndroidManifest.xml:388:13-44
	android:name
		ADDED from src\main\AndroidManifest.xml:387:13-78
intent-filter#com.baidu.android.pushservice.action.BIND_SYNC+com.baidu.android.pushservice.action.METHOD
ADDED from src\main\AndroidManifest.xml:389:13-392:29
action#com.baidu.android.pushservice.action.METHOD
ADDED from src\main\AndroidManifest.xml:390:17-86
	android:name
		ADDED from src\main\AndroidManifest.xml:390:25-83